20 : f:4.4674011002723395 --- L:7.6666666666709204
---------------------------------------------
20.1 : f:4.437023298310605 --- L:6.886666666670527
---------------------------------------------
20.2 : f:4.346637894727842 --- L:6.146666666670228
---------------------------------------------
20.3 : f:4.19847047813221 --- L:5.446666666669731
---------------------------------------------
20.4 : f:3.996169422059773 --- L:4.786666666669529
---------------------------------------------
20.5 : f:3.7447160499097265 --- L:4.1666666666689665
---------------------------------------------
20.6 : f:3.4503019782302946 --- L:3.586666666668684
---------------------------------------------
20.7 : f:3.1201766585705517 --- L:3.046666666668294
---------------------------------------------
20.8 : f:2.7624688719235997 --- L:2.546666666668113
---------------------------------------------
20.9 : f:2.3859865711607813 --- L:2.0866666666676092
---------------------------------------------
21.0 : f:1.999999999999999 --- L:1.6666666666674814
---------------------------------------------
21.1 : f:1.614013428839216 --- L:1.2866666666671787
---------------------------------------------
21.2 : f:1.237531128076415 --- L:0.9466666666668111
---------------------------------------------
21.3 : f:0.8798233414294461 --- L:0.6466666666664409
---------------------------------------------
21.4 : f:0.5496980217697034 --- L:0.38666666666613736
---------------------------------------------
21.5 : f:0.25528395009028393 --- L:0.16666666666591823
---------------------------------------------
21.6 : f:0.0038305779402354467 --- L:-0.013333333334230701
---------------------------------------------
21.7 : f:-0.19847047813221108 --- L:-0.15333333333447285
---------------------------------------------
21.8 : f:-0.34663789472784057 --- L:-0.2533333333348935
---------------------------------------------
21.9 : f:-0.4370232983106015 --- L:-0.31333333333500946
---------------------------------------------
22.0 : f:-0.4674011002723395 --- L:-0.33333333333524706
---------------------------------------------
22.1 : f:-0.4370232983106028 --- L:-0.3133333333354358
---------------------------------------------
22.2 : f:-0.34663789472784234 --- L:-0.2533333333356609
---------------------------------------------
22.3 : f:-0.1984704781322142 --- L:-0.15333333333586552
---------------------------------------------
22.4 : f:0.003830577940231672 --- L:-0.01333333333604969
---------------------------------------------
22.5 : f:0.25528395009027927 --- L:0.1666666666637866
---------------------------------------------
22.6 : f:0.5496980217696978 --- L:0.3866666666635865
---------------------------------------------
22.7 : f:0.8798233414294403 --- L:0.64666666666335
---------------------------------------------
22.8 : f:1.2375311280764083 --- L:0.9466666666631909
---------------------------------------------
22.9 : f:1.6140134288392096 --- L:1.2866666666629953
---------------------------------------------
23.0 : f:1.9999999999999922 --- L:1.666666666662877
---------------------------------------------
23.1 : f:2.3859865711607746 --- L:2.08666666666295
---------------------------------------------
23.2 : f:2.762468871923593 --- L:2.546666666662645
---------------------------------------------
23.3 : f:3.1201766585705455 --- L:3.046666666662759
---------------------------------------------
23.4 : f:3.4503019782302893 --- L:3.586666666662609
---------------------------------------------
23.5 : f:3.744716049909722 --- L:4.166666666662309
---------------------------------------------
23.6 : f:3.9961694220597694 --- L:4.786666666662313
---------------------------------------------
23.7 : f:4.198470478132207 --- L:5.446666666662168
---------------------------------------------
23.8 : f:4.346637894727838 --- L:6.146666666662213
---------------------------------------------
23.9 : f:4.437023298310603 --- L:6.886666666661995
---------------------------------------------
24.0 : f:4.4674011002723395 --- L:7.666666666661968
---------------------------------------------
